<?xml version="1.0" encoding="UTF-8"?>
<!-- Generated by org.testng.reporters.JUnitReportReporter -->
<testsuite skipped="0" hostname="DESKTOP-MN3U1UN" name="com.Customer.CreateCustomer" tests="1" failures="0" timestamp="27 Jul 2020 05:06:58 GMT" time="53.513" errors="0">
  <testcase name="testCreateCustomer" time="53.513" classname="com.Customer.CreateCustomer"/>
</testsuite> <!-- com.Customer.CreateCustomer -->
